[2021-01-22 15:56:49,635][__main__][INFO] - ============= Configuration =============
[2021-01-22 15:56:49,673][__main__][INFO] - Config:
model: multiday_decoder
base_optimization: true
base_dir: C:\Users\jesga\OneDrive\Desktop\NeuroscienceLeuven
gen_strategy:
  n_sobol: 30
  n_gpei: 60
metric_dict:
  scorer:
  - sklearn
  - sklearn
  - sklearn
  score_fcn:
  - neg_log_loss
  - f1_weighted
  - accuracy
obj_name: neg_log_loss
minimize: false
data:
  root_dir: ${base_dir}/RawData/consecutiveDays_DifferentObjects
  n_days: 2
  task_id: vgrasp_Sky_
exp:
  type: different_objects_multi
  base_dir: ${base_dir}/Code
  tracking:
    root_dir: ${exp.base_dir}/experimentTracking
    table_name: different_objects_multi.csv
    save_metric: ${obj_name}
reports:
  base_folder: ${base_dir}/Code/bcidecode/bcidecode/reports
  notebooks:
  - OptReport
  - EDA_Multi
  params:
  - root_dir: None
  - root_dir: None
    metric: ${exp.tracking.save_metric}
    embedder: lda
output_dir: ${hydra:run.dir}
trial:
  name: Default
  params:
    preprocessing__rates_comp__event: Target
    preprocessing__rates_comp__t_skip: 163
    preprocessing__rates_comp__t_int: 672
    preprocessing__rates_comp__n_bins: 1
    preprocessing__rates_comp__continuousDecoding: 0
pipeline:
  name: LDA_RF
  pipeline_arch:
    preprocessing:
    - rates_comp
    - tuning_filter
    - scaler
    - kbest_anova
    classifier:
    - factor_analysis
    - rf
optimization:
  name: Anova_Times_CCA_FA_RF
  space:
    preprocessing__kbest_anova__k:
      type: range
      bounds:
      - 30
      - 85
      value_type: int
      log_scale: false
    classifier__factor_analysis__n_components:
      type: range
      bounds:
      - 2
      - 25
      value_type: int
      log_scale: false
    preprocessing__tuning_filter__k:
      type: range
      bounds:
      - 60
      - 100
      value_type: int
      log_scale: false
    classifier__rf__max_depth:
      type: range
      bounds:
      - 1
      - 6
      value_type: int
      log_scale: false
    classifier__rf__n_estimators:
      type: range
      bounds:
      - 100
      - 400
      value_type: int
      log_scale: false
    classifier__rf__oob_score:
      type: fixed
      value: 1
      value_type: bool
      log_scale: false
    classifier__rf__max_features:
      type: choice
      values:
      - auto
      - sqrt
      - log2
      value_type: str
      log_scale: false
    classifier__rf__min_impurity_decrease:
      type: range
      bounds:
      - 0.01
      - 2
      value_type: float
      log_scale: true
    classifier__rf__min_weight_fraction_leaf:
      type: range
      bounds:
      - 0.03
      - 0.3
      value_type: float
      log_scale: true
    aligner__numCC:
      type: range
      bounds:
      - 2
      - 40
      value_type: int
      log_scale: false
    aligner__reg:
      type: range
      bounds:
      - 1.0e-05
      - 1.0
      value_type: float
      log_scale: true
  space_constraints:
    anova_leq_fa: preprocessing__kbest_anova__k >= aligner__numCC
    kfilter_leq_anova: preprocessing__tuning_filter__k >= preprocessing__kbest_anova__k
    numCC_geq_fa: aligner__numCC >= classifier__factor_analysis__n_components
extensions:
  name: Multi_CCA
  align:
    manifold_aligner: cca

[2021-01-22 15:56:49,701][__main__][INFO] - =========================================
[2021-01-22 16:57:46,852][papermill][INFO] - Input Notebook:  C:\Users\jesga\OneDrive\Desktop\NeuroscienceLeuven/Code/bcidecode/bcidecode/reports\OptReport.ipynb
[2021-01-22 16:57:46,859][papermill][INFO] - Output Notebook: C:\Users\jesga\OneDrive\Desktop\NeuroscienceLeuven/Code\outputs/different_objects_multi/vgrasp_Sky_/LDA_RF/Anova_Times_CCA_FA_RF_neg_log_loss/Default/2021-01-22_15-56-49\OptReport.ipynb
[2021-01-22 16:57:51,758][blib2to3.pgen2.driver][INFO] - Generating grammar tables from C:\Users\jesga\anaconda3\envs\NeuroEnv\lib\site-packages\blib2to3\Grammar.txt
[2021-01-22 16:57:51,847][blib2to3.pgen2.driver][INFO] - Writing grammar tables to C:\Users\jesga\AppData\Local\black\black\Cache\20.8b1\Grammar3.8.5.final.0.pickle
[2021-01-22 16:57:51,849][blib2to3.pgen2.driver][INFO] - Writing failed: [Errno 2] No such file or directory: 'C:\\Users\\jesga\\AppData\\Local\\black\\black\\Cache\\20.8b1\\tmpgmvdp52d'
[2021-01-22 16:57:51,866][blib2to3.pgen2.driver][INFO] - Generating grammar tables from C:\Users\jesga\anaconda3\envs\NeuroEnv\lib\site-packages\blib2to3\PatternGrammar.txt
[2021-01-22 16:57:51,876][blib2to3.pgen2.driver][INFO] - Writing grammar tables to C:\Users\jesga\AppData\Local\black\black\Cache\20.8b1\PatternGrammar3.8.5.final.0.pickle
[2021-01-22 16:57:51,891][blib2to3.pgen2.driver][INFO] - Writing failed: [Errno 2] No such file or directory: 'C:\\Users\\jesga\\AppData\\Local\\black\\black\\Cache\\20.8b1\\tmpfmllvfxc'
[2021-01-22 16:58:01,869][papermill][INFO] - Executing notebook with kernel: python3
[2021-01-22 17:06:32,352][papermill][WARNING] - Autosave too slow: 28.08 sec, over 25% limit. Backing off to 60 sec
