[2021-01-19 15:50:50,651][__main__][INFO] - ============= Configuration =============
[2021-01-19 15:50:50,676][__main__][INFO] - Config:
model: basic_decoder
base_optimization: true
gen_strategy:
  n_sobol: 40
  n_gpei: 60
metric_dict:
  scorer:
  - sklearn
  - sklearn
  - sklearn
  score_fcn:
  - neg_log_loss
  - f1_weighted
  - accuracy
obj_name: neg_log_loss
minimize: false
data:
  root_dir: C:\Users\u0142927\Desktop\NeuroscienceLeuven\RawData\consecutiveDays_DifferentObjects
  dataset: vgrasp_Sky_20200928_1312_B_trials
  data_path: ${data.root_dir}/${data.dataset}.pkl
exp:
  type: different_objects
  base_dir: C:\Users\u0142927\Desktop\NeuroscienceLeuven\Code
  tracking:
    root_dir: ${exp.base_dir}/experimentTracking
    table_name: different_objects_all.csv
    save_metric: accuracy
reports:
  base_folder: C:\Users\u0142927\Desktop\NeuroscienceLeuven\Code\bcidecode\bcidecode\reports
  notebooks:
  - OptReport
  - EDA
  params:
  - root_dir: None
  - root_dir: None
    metric: ${exp.tracking.save_metric}
    embedder: lda
output_dir: ${hydra:run.dir}
trial:
  name: Default
  params:
    preprocessing__rates_comp__event: Target
    preprocessing__rates_comp__t_skip: 200
    preprocessing__rates_comp__t_int: 900
    preprocessing__rates_comp__n_bins: 1
    preprocessing__rates_comp__continuousDecoding: 0
pipeline:
  name: Anova_RF
  pipeline_arch:
    preprocessing:
    - rates_comp
    - tuning_filter
    - scaler
    - kbest_anova
    feature_extraction:
    - factor_analysis
    classifier:
    - rf
optimization:
  name: Anova_Times_RF
  space:
    preprocessing__rates_comp__t_int:
      type: range
      bounds:
      - 200
      - 700
      value_type: float
      log_scale: false
    preprocessing__rates_comp__t_skip:
      type: range
      bounds:
      - 100
      - 600
      value_type: float
      log_scale: false
    preprocessing__kbest_anova__k:
      type: range
      bounds:
      - 5
      - 60
      value_type: int
      log_scale: false
    feature_extraction__factor_analysis__n_components:
      type: range
      bounds:
      - 2
      - 20
      value_type: int
      log_scale: false
    preprocessing__tuning_filter__k:
      type: range
      bounds:
      - 60
      - 105
      value_type: int
      log_scale: false
    classifier__rf__max_depth:
      type: range
      bounds:
      - 1
      - 6
      value_type: int
      log_scale: false
    classifier__rf__n_estimators:
      type: range
      bounds:
      - 100
      - 400
      value_type: int
      log_scale: false
    classifier__rf__oob_score:
      type: fixed
      value: 1
      value_type: bool
      log_scale: false
    classifier__rf__max_features:
      type: choice
      values:
      - auto
      - sqrt
      - log2
      value_type: str
      log_scale: false
    classifier__rf__min_impurity_decrease:
      type: range
      bounds:
      - 0.01
      - 2
      value_type: float
      log_scale: true
    classifier__rf__min_weight_fraction_leaf:
      type: range
      bounds:
      - 0.03
      - 0.3
      value_type: float
      log_scale: true
  space_constraints:
    anova_leq_fa: preprocessing__kbest_anova__k >= feature_extraction__factor_analysis__n_components
    kfilter_leq_anova: preprocessing__tuning_filter__k >= preprocessing__kbest_anova__k
    constant_times: preprocessing__rates_comp__t_int + preprocessing__rates_comp__t_skip
      <= 900

[2021-01-19 15:50:50,781][__main__][INFO] - =========================================
[2021-01-19 15:51:01,877][numexpr.utils][INFO] - NumExpr defaulting to 8 threads.
