[2020-12-17 12:30:36,824][__main__][INFO] - ============= Configuration =============
[2020-12-17 12:30:36,848][__main__][INFO] - Config:
gen_strategy:
  n_sobol: 15
  n_gpei: 60
metric_dict:
  scorer:
  - sklearn
  - sklearn
  score_fcn:
  - f1_weighted
  - accuracy
obj_name: f1_weighted
minimize: false
random_seed: 1
data:
  root_dir: C:\Users\jesga\OneDrive\Desktop\NeuroscienceLeuven\RawData\SameDaySample
  dataset: vgrasp_Sky_20200819_1137_B_trials
  data_path: ${data.root_dir}/${data.dataset}.pkl
exp:
  type: different_positions
output_dir: ${hydra:run.dir}
trial_params:
  alignmentEvent: Target
  timeBeforeEvent: -150
  timeAfterEvent: 350
  binWidth: 200
  n_bins": 1
pipeline:
  name: SVM_LDA
  pipeline_arch:
    preprocessing:
    - rates_comp
    - tuning_filter
    - anova_filter
    - scaler
    feature_extraction:
    - factor_analysis
    - scaler
    - lda
    classifier:
    - svm
optimization:
  name: Basic_SVM
  space:
    preprocessing__anova_filter__k:
      type: range
      bounds:
      - 10
      - 80
      value_type: int
      log_scale: false
    feature_extraction__factor_analysis__n_components:
      type: range
      bounds:
      - 2
      - 30
      value_type: int
      log_scale: false
    preprocessing__tuning_filter__rate_threshold:
      type: fixed
      value: 5
      value_type: int
      log_scale: false
    classifier__svm__C:
      type: range
      bounds:
      - 0.1
      - 100
      value_type: float
      log_scale: true
    classifier__svm__gamma:
      type: range
      bounds:
      - 0.0001
      - 10
      value_type: float
      log_scale: true
  space_constraints:
    anova_leq_fa: preprocessing__anova_filter__k >= feature_extraction__factor_analysis__n_components

[2020-12-17 12:30:36,894][__main__][INFO] - =========================================
[2020-12-17 12:49:08,195][papermill][INFO] - Input Notebook:  C:\Users\jesga\OneDrive\Desktop\NeuroscienceLeuven\Code\Decodingv7\tests\OptReport.ipynb
[2020-12-17 12:49:08,196][papermill][INFO] - Output Notebook: outputs/different_positions/vgrasp_Sky_20200819_1137_B_trials/SVM_LDA/Basic_SVM_f1_weighted/200\2020-12-17_12-30-36\OptReport_test.ipynb
[2020-12-17 12:49:08,975][blib2to3.pgen2.driver][INFO] - Generating grammar tables from C:\Users\jesga\anaconda3\envs\NeuroEnv\lib\site-packages\blib2to3\Grammar.txt
[2020-12-17 12:49:09,052][blib2to3.pgen2.driver][INFO] - Writing grammar tables to C:\Users\jesga\AppData\Local\black\black\Cache\20.8b1\Grammar3.8.5.final.0.pickle
[2020-12-17 12:49:09,053][blib2to3.pgen2.driver][INFO] - Writing failed: [Errno 2] No such file or directory: 'C:\\Users\\jesga\\AppData\\Local\\black\\black\\Cache\\20.8b1\\tmp4rxwh23_'
[2020-12-17 12:49:09,055][blib2to3.pgen2.driver][INFO] - Generating grammar tables from C:\Users\jesga\anaconda3\envs\NeuroEnv\lib\site-packages\blib2to3\PatternGrammar.txt
[2020-12-17 12:49:09,061][blib2to3.pgen2.driver][INFO] - Writing grammar tables to C:\Users\jesga\AppData\Local\black\black\Cache\20.8b1\PatternGrammar3.8.5.final.0.pickle
[2020-12-17 12:49:09,062][blib2to3.pgen2.driver][INFO] - Writing failed: [Errno 2] No such file or directory: 'C:\\Users\\jesga\\AppData\\Local\\black\\black\\Cache\\20.8b1\\tmparzc7zve'
[2020-12-17 12:49:12,673][papermill][INFO] - Executing notebook with kernel: python3
