[2021-01-06 16:42:39,854][__main__][INFO] - ============= Configuration =============
[2021-01-06 16:42:39,880][__main__][INFO] - Config:
load_path: C:\Users\jesga\OneDrive\Desktop\NeuroscienceLeuven\Code\outputs\different_objects\vgrasp_Sky_20200928_1312_B_trials\Basic_SVM\Anova_Times_SVM_neg_log_loss\Default\2021-01-01_17-58-34
model: extended_decoder
base_optimization: false
gen_strategy:
  n_sobol: 15
  n_gpei: 50
metric_dict:
  scorer:
  - sklearn
  - sklearn
  - sklearn
  score_fcn:
  - neg_log_loss
  - f1_weighted
  - accuracy
obj_name: neg_log_loss
minimize: false
data:
  root_dir: C:\Users\jesga\OneDrive\Desktop\NeuroscienceLeuven\RawData\consecutiveDays_DifferentObjects
  dataset: vgrasp_Sky_20200928_1312_B_trials
  data_path: ${data.root_dir}/${data.dataset}.pkl
exp:
  type: different_objects
output_dir: ${hydra:run.dir}
trial:
  name: Default
  params:
    preprocessing__rates_comp__event: Target
    preprocessing__rates_comp__t_skip: 500
    preprocessing__rates_comp__t_int: 200
    preprocessing__rates_comp__n_bins: 1
    preprocessing__rates_comp__continuousDecoding: 0
pipeline:
  name: Basic_SVM
  pipeline_arch:
    preprocessing:
    - rates_comp
    - tuning_filter
    - scaler
    - kbest_anova
    feature_extraction:
    - factor_analysis
    classifier:
    - svm
optimization:
  name: Anova_Times_IForest
  space:
    outlier_detection__n_estimators:
      type: range
      bounds:
      - 100
      - 400
      value_type: int
      log_scale: false
    outlier_detection__contamination:
      type: range
      bounds:
      - 0.005
      - 0.2
      value_type: float
      log_scale: true
    outlier_detection__max_features:
      type: range
      bounds:
      - 0.1
      - 1.0
      value_type: float
      log_scale: false
    outlier_detection__bootstrap:
      type: choice
      values:
      - true
      - false
      value_type: bool
      log_scale: false
    outlier_detection__random_state:
      type: fixed
      value: 0
      value_type: int
      log_scale: false
extensions:
  name: IForest_FA
  outlier:
    outlier_detector: iforest
    insert_stage: feature_extraction

[2021-01-06 16:42:39,900][__main__][INFO] - =========================================
[2021-01-06 17:29:24,921][papermill][INFO] - Input Notebook:  C:\Users\jesga\OneDrive\Desktop\NeuroscienceLeuven\Code\Decodingv7\tests\OptReport.ipynb
[2021-01-06 17:29:24,922][papermill][INFO] - Output Notebook: outputs/different_objects/vgrasp_Sky_20200928_1312_B_trials/Basic_SVM/Anova_Times_IForest_neg_log_loss/Default\2021-01-06_16-42-39\OptReport.ipynb
[2021-01-06 17:29:26,619][blib2to3.pgen2.driver][INFO] - Generating grammar tables from C:\Users\jesga\anaconda3\envs\NeuroEnv\lib\site-packages\blib2to3\Grammar.txt
[2021-01-06 17:29:26,702][blib2to3.pgen2.driver][INFO] - Writing grammar tables to C:\Users\jesga\AppData\Local\black\black\Cache\20.8b1\Grammar3.8.5.final.0.pickle
[2021-01-06 17:29:26,703][blib2to3.pgen2.driver][INFO] - Writing failed: [Errno 2] No such file or directory: 'C:\\Users\\jesga\\AppData\\Local\\black\\black\\Cache\\20.8b1\\tmpwg73dy5o'
[2021-01-06 17:29:26,704][blib2to3.pgen2.driver][INFO] - Generating grammar tables from C:\Users\jesga\anaconda3\envs\NeuroEnv\lib\site-packages\blib2to3\PatternGrammar.txt
[2021-01-06 17:29:26,714][blib2to3.pgen2.driver][INFO] - Writing grammar tables to C:\Users\jesga\AppData\Local\black\black\Cache\20.8b1\PatternGrammar3.8.5.final.0.pickle
[2021-01-06 17:29:26,714][blib2to3.pgen2.driver][INFO] - Writing failed: [Errno 2] No such file or directory: 'C:\\Users\\jesga\\AppData\\Local\\black\\black\\Cache\\20.8b1\\tmpkkpyw9a8'
[2021-01-06 17:29:39,294][papermill][INFO] - Executing notebook with kernel: python3
