[2021-01-22 09:52:04,565][__main__][INFO] - ============= Configuration =============
[2021-01-22 09:52:04,593][__main__][INFO] - Config:
model: multiday_decoder
base_optimization: true
base_dir: C:\Users\jesga\OneDrive\Desktop\NeuroscienceLeuven
gen_strategy:
  n_sobol: 40
  n_gpei: 60
metric_dict:
  scorer:
  - separability_scorer
  score_fcn:
  - mapR
obj_name: mapR
minimize: false
data:
  root_dir: ${base_dir}/RawData/MultiDaysDatasets/different_positions
  n_days: 3
  task_id: vgrasp_Sky_
exp:
  type: different_positions_multi
  base_dir: ${base_dir}/Code
  tracking:
    root_dir: ${exp.base_dir}/experimentTracking
    table_name: different_positions_multi.csv
    save_metric: ${obj_name}
reports:
  base_folder: ${base_dir}/Code/bcidecode/bcidecode/reports
  notebooks:
  - OptReport
  - EDA_Multi
  params:
  - root_dir: None
  - root_dir: None
    metric: ${exp.tracking.save_metric}
    embedder: lda
output_dir: ${hydra:run.dir}
trial:
  name: Default
  params:
    preprocessing__rates_comp__event: Target
    preprocessing__rates_comp__t_skip: 163
    preprocessing__rates_comp__t_int: 672
    preprocessing__rates_comp__n_bins: 1
    preprocessing__rates_comp__continuousDecoding: 0
pipeline:
  name: LDA_RF
  pipeline_arch:
    preprocessing:
    - rates_comp
    - tuning_filter
    - scaler
    - kbest_anova
    feature_extraction:
    - factor_analysis
    classifier:
    - lda
optimization:
  name: Anova_Times_CCA_RF
  space:
    preprocessing__kbest_anova__k:
      type: range
      bounds:
      - 30
      - 85
      value_type: int
      log_scale: false
    feature_extraction__factor_analysis__n_components:
      type: range
      bounds:
      - 2
      - 25
      value_type: int
      log_scale: false
    preprocessing__tuning_filter__k:
      type: range
      bounds:
      - 60
      - 100
      value_type: int
      log_scale: false
    aligner__numCC:
      type: range
      bounds:
      - 2
      - 20
      value_type: int
      log_scale: false
    aligner__reg:
      type: range
      bounds:
      - 1.0e-05
      - 1.0
      value_type: float
      log_scale: true
  space_constraints:
    anova_leq_fa: preprocessing__kbest_anova__k >= feature_extraction__factor_analysis__n_components
    kfilter_leq_anova: preprocessing__tuning_filter__k >= preprocessing__kbest_anova__k
    numCC_leq_fa: feature_extraction__factor_analysis__n_components >= aligner__numCC
extensions:
  name: Multi_CCA
  align:
    manifold_aligner: cca

[2021-01-22 09:52:04,620][__main__][INFO] - =========================================
[2021-01-22 11:03:46,758][papermill][INFO] - Input Notebook:  C:\Users\jesga\OneDrive\Desktop\NeuroscienceLeuven/Code/bcidecode/bcidecode/reports\OptReport.ipynb
[2021-01-22 11:03:46,761][papermill][INFO] - Output Notebook: C:\Users\jesga\OneDrive\Desktop\NeuroscienceLeuven/Code\outputs/different_positions_multi/vgrasp_Sky_/LDA_RF/Anova_Times_CCA_RF_mapR/Default/2021-01-22_09-52-04\OptReport.ipynb
[2021-01-22 11:03:50,724][blib2to3.pgen2.driver][INFO] - Generating grammar tables from C:\Users\jesga\anaconda3\envs\NeuroEnv\lib\site-packages\blib2to3\Grammar.txt
[2021-01-22 11:03:50,805][blib2to3.pgen2.driver][INFO] - Writing grammar tables to C:\Users\jesga\AppData\Local\black\black\Cache\20.8b1\Grammar3.8.5.final.0.pickle
[2021-01-22 11:03:50,807][blib2to3.pgen2.driver][INFO] - Writing failed: [Errno 2] No such file or directory: 'C:\\Users\\jesga\\AppData\\Local\\black\\black\\Cache\\20.8b1\\tmpj8yahwfq'
[2021-01-22 11:03:50,809][blib2to3.pgen2.driver][INFO] - Generating grammar tables from C:\Users\jesga\anaconda3\envs\NeuroEnv\lib\site-packages\blib2to3\PatternGrammar.txt
[2021-01-22 11:03:50,817][blib2to3.pgen2.driver][INFO] - Writing grammar tables to C:\Users\jesga\AppData\Local\black\black\Cache\20.8b1\PatternGrammar3.8.5.final.0.pickle
[2021-01-22 11:03:50,821][blib2to3.pgen2.driver][INFO] - Writing failed: [Errno 2] No such file or directory: 'C:\\Users\\jesga\\AppData\\Local\\black\\black\\Cache\\20.8b1\\tmpmr3fg010'
[2021-01-22 11:03:58,474][papermill][INFO] - Executing notebook with kernel: python3
[2021-01-22 11:05:05,952][papermill][WARNING] - Autosave too slow: 8.62 sec, over 25% limit. Backing off to 60 sec
[2021-01-22 11:08:12,174][papermill][INFO] - Input Notebook:  C:\Users\jesga\OneDrive\Desktop\NeuroscienceLeuven/Code/bcidecode/bcidecode/reports\EDA_Multi.ipynb
[2021-01-22 11:08:12,175][papermill][INFO] - Output Notebook: C:\Users\jesga\OneDrive\Desktop\NeuroscienceLeuven/Code\outputs/different_positions_multi/vgrasp_Sky_/LDA_RF/Anova_Times_CCA_RF_mapR/Default/2021-01-22_09-52-04\EDA_Multi.ipynb
[2021-01-22 11:09:02,193][papermill][INFO] - Executing notebook with kernel: python3
