[2020-12-17 19:42:23,760][__main__][INFO] - ============= Configuration =============
[2020-12-17 19:42:23,786][__main__][INFO] - Config:
gen_strategy:
  n_sobol: 40
  n_gpei: 60
metric_dict:
  scorer:
  - sklearn
  - sklearn
  score_fcn:
  - f1_weighted
  - accuracy
obj_name: f1_weighted
minimize: false
random_seed: 1
data:
  root_dir: C:\Users\jesga\OneDrive\Desktop\NeuroscienceLeuven\RawData\SameDaySample
  dataset: vgrasp_Sky_20200819_1137_B_trials
  data_path: ${data.root_dir}/${data.dataset}.pkl
exp:
  type: different_positions
output_dir: ${hydra:run.dir}
trial_params:
  alignmentEvent: Target
  timeBeforeEvent: -150
  timeAfterEvent: 350
  binWidth: 200
  n_bins": 1
pipeline:
  name: Basic_RF
  pipeline_arch:
    preprocessing:
    - rates_comp
    - tuning_filter
    - anova_filter
    - scaler
    feature_extraction:
    - factor_analysis
    classifier:
    - rf
optimization:
  name: RF_Tint
  space:
    preprocessing__rates_comp__t_int:
      type: range
      bounds:
      - 100
      - 800
      value_type: int
      log_scale: false
    preprocessing__anova_filter__k:
      type: range
      bounds:
      - 15
      - 80
      value_type: int
      log_scale: false
    feature_extraction__factor_analysis__n_components:
      type: range
      bounds:
      - 2
      - 30
      value_type: int
      log_scale: false
    preprocessing__tuning_filter__rate_threshold:
      type: fixed
      value: 5
      value_type: int
      log_scale: false
    classifier__rf__max_depth:
      type: range
      bounds:
      - 1
      - 6
      value_type: int
      log_scale: false
    classifier__rf__n_estimators:
      type: range
      bounds:
      - 100
      - 200
      value_type: int
      log_scale: false
    classifier__rf__oob_score:
      type: fixed
      value: 1
      value_type: bool
      log_scale: false
    classifier__rf__max_features:
      type: choice
      values:
      - auto
      - sqrt
      - log2
      value_type: str
      log_scale: false
    classifier__rf__min_impurity_decrease:
      type: range
      bounds:
      - 0.01
      - 2
      value_type: float
      log_scale: true
    classifier__rf__min_weight_fraction_leaf:
      type: range
      bounds:
      - 0.03
      - 0.3
      value_type: float
      log_scale: true
  space_constraints:
    anova_leq_fa: preprocessing__anova_filter__k >= feature_extraction__factor_analysis__n_components

[2020-12-17 19:42:23,830][__main__][INFO] - =========================================
