[2021-02-02 17:20:48,847][__main__][INFO] - ============= Configuration =============
[2021-02-02 17:20:48,890][__main__][INFO] - Config:
model: stabilizer_decoder_base
base_optimization: true
base_dir: C:\Users\jesga\OneDrive\Desktop\NeuroscienceLeuven
gen_strategy:
  n_sobol: 35
  n_gpei: 55
metric_dict:
  scorer:
  - sklearn
  - sklearn
  - sklearn
  score_fcn:
  - neg_log_loss
  - f1_weighted
  - accuracy
obj_name: neg_log_loss
minimize: false
data:
  root_dir: ${base_dir}/RawData/MultiDaysDatasets/different_positions
  used_datasets:
  - 20200703_0936_A_trials
  n_days: 1
  task_id: vgrasp_Sky_
exp:
  type: different_positions_stabilizer_base
  base_dir: ${base_dir}/Code
  tracking:
    root_dir: ${exp.base_dir}/experimentTracking
    table_name: different_positions_multi.csv
    save_metric: ${obj_name}
reports:
  base_folder: ${base_dir}/Code/bcidecode/bcidecode/reports
  notebooks:
  - OptReport
  params:
  - root_dir: None
output_dir: ${hydra:run.dir}
trial:
  name: Default
  params:
    preprocessing__rates_comp__event: Target
    preprocessing__rates_comp__t_skip: 194.93
    preprocessing__rates_comp__t_int: 705.07
    preprocessing__rates_comp__n_bins: 1
    preprocessing__rates_comp__continuousDecoding: 0
pipeline:
  name: Stabilizer_Base_SVM
  pipeline_arch:
    decoder:
      preprocessing:
      - rates_comp
      - tuning_filter
      - scaler
      - kbest_anova
      feature_extraction:
      - factor_analysis
      classifier:
      - svm
    manifold:
      preprocessing:
      - rates_comp
      - concat_transformer
      - scaler
      feature_extraction:
      - factor_analysis
optimization:
  name: Stabilizer_SVM_ETE_HighK
  space:
    preprocessing__tuning_filter__k:
      type: range
      bounds:
      - 100
      - 128
      value_type: int
      log_scale: false
    preprocessing__kbest_anova__k:
      type: range
      bounds:
      - 100
      - 128
      value_type: int
      log_scale: false
    feature_extraction__factor_analysis__n_components:
      type: range
      bounds:
      - 10
      - 20
      value_type: int
      log_scale: false
    classifier__svm__C:
      type: range
      bounds:
      - 0.1
      - 100
      value_type: float
      log_scale: true
    classifier__svm__gamma:
      type: range
      bounds:
      - 0.0001
      - 10
      value_type: float
      log_scale: true
    classifier__svm__probability:
      type: fixed
      value: true
      value_type: bool
  space_constraints:
    anova_leq_fa: preprocessing__kbest_anova__k >= feature_extraction__factor_analysis__n_components
    kfilter_leq_anova: preprocessing__tuning_filter__k >= preprocessing__kbest_anova__k

[2021-02-02 17:20:48,994][__main__][INFO] - =========================================
[2021-02-02 18:48:58,084][papermill][INFO] - Input Notebook:  C:\Users\jesga\OneDrive\Desktop\NeuroscienceLeuven/Code/bcidecode/bcidecode/reports\OptReport.ipynb
[2021-02-02 18:48:58,085][papermill][INFO] - Output Notebook: C:\Users\jesga\OneDrive\Desktop\NeuroscienceLeuven/Code\outputs/different_positions_stabilizer_base/vgrasp_Sky_/Stabilizer_Base_SVM/Stabilizer_SVM_ETE_HighK_neg_log_loss/Default/2021-02-02_17-20-48\OptReport.ipynb
[2021-02-02 18:49:02,337][blib2to3.pgen2.driver][INFO] - Generating grammar tables from C:\Users\jesga\anaconda3\envs\NeuroEnv\lib\site-packages\blib2to3\Grammar.txt
[2021-02-02 18:49:02,411][blib2to3.pgen2.driver][INFO] - Writing grammar tables to C:\Users\jesga\AppData\Local\black\black\Cache\20.8b1\Grammar3.8.5.final.0.pickle
[2021-02-02 18:49:02,413][blib2to3.pgen2.driver][INFO] - Writing failed: [Errno 2] No such file or directory: 'C:\\Users\\jesga\\AppData\\Local\\black\\black\\Cache\\20.8b1\\tmpn05_l6pl'
[2021-02-02 18:49:02,414][blib2to3.pgen2.driver][INFO] - Generating grammar tables from C:\Users\jesga\anaconda3\envs\NeuroEnv\lib\site-packages\blib2to3\PatternGrammar.txt
[2021-02-02 18:49:02,429][blib2to3.pgen2.driver][INFO] - Writing grammar tables to C:\Users\jesga\AppData\Local\black\black\Cache\20.8b1\PatternGrammar3.8.5.final.0.pickle
[2021-02-02 18:49:02,434][blib2to3.pgen2.driver][INFO] - Writing failed: [Errno 2] No such file or directory: 'C:\\Users\\jesga\\AppData\\Local\\black\\black\\Cache\\20.8b1\\tmpslkjlv7h'
[2021-02-02 18:49:10,133][papermill][INFO] - Executing notebook with kernel: python3
[2021-02-02 18:50:47,637][papermill][WARNING] - Autosave too slow: 7.68 sec, over 25% limit. Backing off to 60 sec
