[2021-01-06 18:16:08,955][__main__][INFO] - ============= Configuration =============
[2021-01-06 18:16:08,977][__main__][INFO] - Config:
model: basic_decoder
base_optimization: true
gen_strategy:
  n_sobol: 30
  n_gpei: 60
metric_dict:
  scorer:
  - sklearn
  - sklearn
  - sklearn
  score_fcn:
  - neg_log_loss
  - f1_weighted
  - accuracy
obj_name: neg_log_loss
minimize: false
data:
  root_dir: C:\Users\jesga\OneDrive\Desktop\NeuroscienceLeuven\RawData\consecutiveDays_DifferentObjects
  dataset: vgrasp_Sky_20200928_1312_B_trials
  data_path: ${data.root_dir}/${data.dataset}.pkl
exp:
  type: different_objects
output_dir: ${hydra:run.dir}
trial:
  name: Default
  params:
    preprocessing__rates_comp__event: Target
    preprocessing__rates_comp__t_skip: 500
    preprocessing__rates_comp__t_int: 200
    preprocessing__rates_comp__n_bins: 1
    preprocessing__rates_comp__continuousDecoding: 0
pipeline:
  name: LDA_SVM
  pipeline_arch:
    preprocessing:
    - rates_comp
    - tuning_filter
    - scaler
    - kbest_anova
    feature_extraction:
    - lda
    classifier:
    - svm
optimization:
  name: LDA_Times_SVM
  space:
    preprocessing__rates_comp__t_int:
      type: range
      bounds:
      - 200
      - 700
      value_type: float
      log_scale: false
    preprocessing__rates_comp__t_skip:
      type: range
      bounds:
      - 100
      - 600
      value_type: float
      log_scale: false
    preprocessing__tuning_filter__k:
      type: range
      bounds:
      - 60
      - 105
      value_type: int
      log_scale: false
    preprocessing__kbest_anova__k:
      type: range
      bounds:
      - 5
      - 60
      value_type: int
      log_scale: false
    classifier__svm__C:
      type: range
      bounds:
      - 0.1
      - 100
      value_type: float
      log_scale: true
    classifier__svm__gamma:
      type: range
      bounds:
      - 0.0001
      - 10
      value_type: float
      log_scale: true
    classifier__svm__probability:
      type: fixed
      value: true
      value_type: bool
  space_constraints:
    kfilter_leq_anova: preprocessing__tuning_filter__k >= preprocessing__kbest_anova__k
    constant_times: preprocessing__rates_comp__t_int + preprocessing__rates_comp__t_skip
      <= 900

[2021-01-06 18:16:09,016][__main__][INFO] - =========================================
[2021-01-06 18:46:04,268][papermill][INFO] - Input Notebook:  C:\Users\jesga\OneDrive\Desktop\NeuroscienceLeuven\Code\Decodingv7\tests\OptReport.ipynb
[2021-01-06 18:46:04,269][papermill][INFO] - Output Notebook: outputs/different_objects/vgrasp_Sky_20200928_1312_B_trials/LDA_SVM/LDA_Times_SVM_neg_log_loss/Default\2021-01-06_18-16-08\OptReport.ipynb
[2021-01-06 18:46:05,027][blib2to3.pgen2.driver][INFO] - Generating grammar tables from C:\Users\jesga\anaconda3\envs\NeuroEnv\lib\site-packages\blib2to3\Grammar.txt
[2021-01-06 18:46:05,099][blib2to3.pgen2.driver][INFO] - Writing grammar tables to C:\Users\jesga\AppData\Local\black\black\Cache\20.8b1\Grammar3.8.5.final.0.pickle
[2021-01-06 18:46:05,100][blib2to3.pgen2.driver][INFO] - Writing failed: [Errno 2] No such file or directory: 'C:\\Users\\jesga\\AppData\\Local\\black\\black\\Cache\\20.8b1\\tmpyilmfwi5'
[2021-01-06 18:46:05,101][blib2to3.pgen2.driver][INFO] - Generating grammar tables from C:\Users\jesga\anaconda3\envs\NeuroEnv\lib\site-packages\blib2to3\PatternGrammar.txt
[2021-01-06 18:46:05,107][blib2to3.pgen2.driver][INFO] - Writing grammar tables to C:\Users\jesga\AppData\Local\black\black\Cache\20.8b1\PatternGrammar3.8.5.final.0.pickle
[2021-01-06 18:46:05,107][blib2to3.pgen2.driver][INFO] - Writing failed: [Errno 2] No such file or directory: 'C:\\Users\\jesga\\AppData\\Local\\black\\black\\Cache\\20.8b1\\tmproj20u5_'
[2021-01-06 18:46:44,584][papermill][INFO] - Executing notebook with kernel: python3
