[2021-01-21 14:16:40,936][__main__][INFO] - ============= Configuration =============
[2021-01-21 14:16:40,954][__main__][INFO] - Config:
model: multiday_decoder
base_optimization: true
gen_strategy:
  n_sobol: 30
  n_gpei: 60
metric_dict:
  scorer:
  - separability_scorer
  score_fcn:
  - mapR
obj_name: mapR
minimize: false
data:
  root_dir: C:\Users\u0142927\Desktop\NeuroscienceLeuven\RawData\consecutiveDays_DifferentObjects
  n_days: 2
  task_id: vgrasp_Sky_
exp:
  type: different_objects_multi
  base_dir: C:\Users\u0142927\Desktop\NeuroscienceLeuven\Code
  tracking:
    root_dir: ${exp.base_dir}/experimentTracking
    table_name: different_objects_multi.csv
    save_metric: ${obj_name}
reports:
  base_folder: C:\Users\u0142927\Desktop\NeuroscienceLeuven\Code\bcidecode\bcidecode\reports
  notebooks:
  - OptReport
  - EDA_Multi
  params:
  - root_dir: None
  - root_dir: None
    metric: ${exp.tracking.save_metric}
    embedder: lda
output_dir: ${hydra:run.dir}
trial:
  name: Default
  params:
    preprocessing__rates_comp__event: Target
    preprocessing__rates_comp__t_skip: 163
    preprocessing__rates_comp__t_int: 672
    preprocessing__rates_comp__n_bins: 1
    preprocessing__rates_comp__continuousDecoding: 0
pipeline:
  name: Anova_RF
  pipeline_arch:
    preprocessing:
    - rates_comp
    - tuning_filter
    - scaler
    - kbest_anova
    feature_extraction:
    - factor_analysis
    classifier:
    - rf
optimization:
  name: Anova_Times_CCA_RF
  space:
    preprocessing__kbest_anova__k:
      type: range
      bounds:
      - 30
      - 85
      value_type: int
      log_scale: false
    feature_extraction__factor_analysis__n_components:
      type: range
      bounds:
      - 2
      - 25
      value_type: int
      log_scale: false
    preprocessing__tuning_filter__k:
      type: range
      bounds:
      - 60
      - 100
      value_type: int
      log_scale: false
    aligner__numCC:
      type: range
      bounds:
      - 2
      - 20
      value_type: int
      log_scale: false
    aligner__reg:
      type: range
      bounds:
      - 1.0e-05
      - 0.1
      value_type: float
      log_scale: true
  space_constraints:
    anova_leq_fa: preprocessing__kbest_anova__k >= feature_extraction__factor_analysis__n_components
    kfilter_leq_anova: preprocessing__tuning_filter__k >= preprocessing__kbest_anova__k
    numCC_leq_fa: feature_extraction__factor_analysis__n_components >= aligner__numCC
extensions:
  name: Multi_CCA
  align:
    manifold_aligner: cca

[2021-01-21 14:16:40,963][__main__][INFO] - =========================================
[2021-01-21 14:16:56,642][numexpr.utils][INFO] - NumExpr defaulting to 8 threads.
[2021-01-21 14:36:33,705][papermill][INFO] - Input Notebook:  C:\Users\u0142927\Desktop\NeuroscienceLeuven\Code\bcidecode\bcidecode\reports\OptReport.ipynb
[2021-01-21 14:36:33,715][papermill][INFO] - Output Notebook: C:\Users\u0142927\Desktop\NeuroscienceLeuven\Code\outputs/different_objects_multi/vgrasp_Sky_/Anova_RF/Anova_Times_CCA_RF_mapR/Default/2021-01-21_14-16-40\OptReport.ipynb
[2021-01-21 14:36:37,133][blib2to3.pgen2.driver][INFO] - Generating grammar tables from C:\GBW_MyPrograms\Anaconda3\envs\DecoderEnv\lib\site-packages\blib2to3\Grammar.txt
[2021-01-21 14:36:37,202][blib2to3.pgen2.driver][INFO] - Writing grammar tables to C:\Users\u0142927\AppData\Local\black\black\Cache\20.8b1\Grammar3.8.5.final.0.pickle
[2021-01-21 14:36:37,202][blib2to3.pgen2.driver][INFO] - Writing failed: [Errno 2] No such file or directory: 'C:\\Users\\u0142927\\AppData\\Local\\black\\black\\Cache\\20.8b1\\tmpg1u3r9nf'
[2021-01-21 14:36:37,203][blib2to3.pgen2.driver][INFO] - Generating grammar tables from C:\GBW_MyPrograms\Anaconda3\envs\DecoderEnv\lib\site-packages\blib2to3\PatternGrammar.txt
[2021-01-21 14:36:37,211][blib2to3.pgen2.driver][INFO] - Writing grammar tables to C:\Users\u0142927\AppData\Local\black\black\Cache\20.8b1\PatternGrammar3.8.5.final.0.pickle
[2021-01-21 14:36:37,215][blib2to3.pgen2.driver][INFO] - Writing failed: [Errno 2] No such file or directory: 'C:\\Users\\u0142927\\AppData\\Local\\black\\black\\Cache\\20.8b1\\tmpyxarx62j'
[2021-01-21 14:36:43,889][papermill][INFO] - Executing notebook with kernel: python3
[2021-01-21 14:39:50,442][papermill][INFO] - Input Notebook:  C:\Users\u0142927\Desktop\NeuroscienceLeuven\Code\bcidecode\bcidecode\reports\EDA_Multi.ipynb
[2021-01-21 14:39:50,443][papermill][INFO] - Output Notebook: C:\Users\u0142927\Desktop\NeuroscienceLeuven\Code\outputs/different_objects_multi/vgrasp_Sky_/Anova_RF/Anova_Times_CCA_RF_mapR/Default/2021-01-21_14-16-40\EDA_Multi.ipynb
[2021-01-21 14:39:52,389][papermill][INFO] - Executing notebook with kernel: python3
